<?xml version="1.0" encoding="UTF-8"?>
<!-- Generated by org.testng.reporters.JUnitXMLReporter -->
<testsuite ignored="0" hostname="DESKTOP-K6D606K" failures="0" tests="3" name="Default test" time="4.138" errors="0" timestamp="30 Jun 2018 19:21:46 GMT">
  <testcase classname="jira_api.TwitterTweetOperations" name="createTweet" time="3.48"/>
  <testcase classname="jira_api.TwitterTweetOperations" name="findLatestTweet" time="0.314"/>
  <testcase classname="jira_api.TwitterTweetOperations" name="removeCreatedTweet" time="0.302"/>
</testsuite> <!-- Default test -->
