<?xml version="1.0" encoding="UTF-8"?>
<!-- Generated by org.testng.reporters.JUnitXMLReporter -->
<testsuite ignored="0" hostname="DESKTOP-K6D606K" failures="0" tests="14" name="JIRAAPI_Tests" time="6.567" errors="0" timestamp="30 Jun 2018 19:23:04 GMT">
  <testcase classname="jira_api.JIRACommentOperations" name="a_createSession" time="2.537"/>
  <testcase classname="jira_api.JIRACommentOperations" name="b_createSessionIssue" time="0.703"/>
  <testcase classname="jira_api.JIRACommentOperations" name="c_addComment1" time="0.333"/>
  <testcase classname="jira_api.JIRACommentOperations" name="c_addComment2" time="0.264"/>
  <testcase classname="jira_api.JIRACommentOperations" name="c_addComment3" time="0.41"/>
  <testcase classname="jira_api.JIRACommentOperations" name="d_updateComment" time="0.49"/>
  <testcase classname="jira_api.JIRACommentOperations" name="e_getComments" time="0.081"/>
  <testcase classname="jira_api.JIRACommentOperations" name="f_deleteComment2" time="0.282"/>
  <testcase classname="jira_api.JIRACommentOperations" name="g_getComment" time="0.064"/>
  <testcase classname="jira_api.JIRACommentOperations" name="h_getCommentsAgain" time="0.065"/>
  <testcase classname="jira_api.JIRAIssueOperations" name="a_createSession" time="0.126"/>
  <testcase classname="jira_api.JIRAIssueOperations" name="b_createSessionIssue" time="0.561"/>
  <testcase classname="jira_api.JIRAIssueOperations" name="c_addComment" time="0.237"/>
  <testcase classname="jira_api.JIRAIssueOperations" name="d_updateComment" time="0.289"/>
</testsuite> <!-- JIRAAPI_Tests -->
