<?xml version="1.0" encoding="UTF-8"?>
<!-- Generated by org.testng.reporters.JUnitXMLReporter -->
<testsuite hostname="DESKTOP-K6D606K" failures="0" tests="14" name="JIRAAPI_Tests" time="17.749" errors="0" timestamp="2 Jul 2018 22:21:05 GMT">
  <testcase classname="jira_api.JIRACommentOperations" name="a_createSession" time="2.658"/>
  <testcase classname="jira_api.JIRACommentOperations" name="b_createSessionIssue" time="12.17"/>
  <testcase classname="jira_api.JIRACommentOperations" name="c_addComment1" time="0.424"/>
  <testcase classname="jira_api.JIRACommentOperations" name="c_addComment2" time="0.287"/>
  <testcase classname="jira_api.JIRACommentOperations" name="c_addComment3" time="0.454"/>
  <testcase classname="jira_api.JIRACommentOperations" name="d_updateComment" time="0.389"/>
  <testcase classname="jira_api.JIRACommentOperations" name="e_getComments" time="0.193"/>
  <testcase classname="jira_api.JIRACommentOperations" name="f_deleteComment2" time="0.167"/>
  <testcase classname="jira_api.JIRACommentOperations" name="g_getComment" time="0.047"/>
  <testcase classname="jira_api.JIRACommentOperations" name="h_getCommentsAgain" time="0.052"/>
  <testcase classname="jira_api.JIRAIssueOperations" name="a_createSession" time="0.088"/>
  <testcase classname="jira_api.JIRAIssueOperations" name="b_createSessionIssue" time="0.326"/>
  <testcase classname="jira_api.JIRAIssueOperations" name="c_addComment" time="0.194"/>
  <testcase classname="jira_api.JIRAIssueOperations" name="d_updateComment" time="0.21"/>
</testsuite> <!-- JIRAAPI_Tests -->
