<?xml version="1.0" encoding="UTF-8"?>
<!-- Generated by org.testng.reporters.JUnitXMLReporter -->
<testsuite hostname="DESKTOP-K6D606K" name="Test" tests="5" failures="0" timestamp="14 Jun 2018 22:00:21 GMT" time="6.857" errors="0">
  <testcase name="createTweet" time="3.572" classname="MavenFramework.Twitter1"/>
  <testcase name="findLatestTweet" time="0.473" classname="MavenFramework.Twitter1"/>
  <testcase name="removeCreatedTweet" time="0.409" classname="MavenFramework.Twitter1"/>
  <testcase name="createSession" time="0.858" classname="MavenFramework.JIRA1"/>
  <testcase name="acreateSession" time="1.5" classname="MavenFramework.JIRA2"/>
</testsuite> <!-- Test -->
