<?xml version="1.0" encoding="UTF-8"?>
<!-- Generated by org.testng.reporters.JUnitXMLReporter -->
<testsuite hostname="DESKTOP-K6D606K" failures="0" tests="3" name="TwitterAPI_Tests" time="1.445" errors="0" timestamp="2 Jul 2018 02:49:38 GMT">
  <testcase classname="twitter_api.TwitterTweetOperations" name="createTweet" time="0.626"/>
  <testcase classname="twitter_api.TwitterTweetOperations" name="findLatestTweet" time="0.403"/>
  <testcase classname="twitter_api.TwitterTweetOperations" name="removeCreatedTweet" time="0.381"/>
</testsuite> <!-- TwitterAPI_Tests -->
