<?xml version="1.0" encoding="UTF-8"?>
<!-- Generated by org.testng.reporters.JUnitXMLReporter -->
<testsuite hostname="DESKTOP-K6D606K" failures="0" tests="3" name="TwitterAPI_Tests" time="3.723" errors="0" timestamp="2 Jul 2018 00:12:56 GMT">
  <testcase classname="twitter_api.TwitterTweetOperations" name="createTweet" time="2.902"/>
  <testcase classname="twitter_api.TwitterTweetOperations" name="findLatestTweet" time="0.45"/>
  <testcase classname="twitter_api.TwitterTweetOperations" name="removeCreatedTweet" time="0.363"/>
</testsuite> <!-- TwitterAPI_Tests -->
