<?xml version="1.0" encoding="UTF-8"?>
<!-- Generated by org.testng.reporters.JUnitXMLReporter -->
<testsuite hostname="DESKTOP-K6D606K" name="Test" tests="10" failures="0" timestamp="12 Jun 2018 01:34:10 GMT" time="9.19" errors="0">
  <testcase name="TestPOSTAPICall" time="2.735" classname="MavenFramework.Demo2XML"/>
  <testcase name="acreateSession" time="1.236" classname="MavenFramework.Demo6JIRACommenting"/>
  <testcase name="TestPlaceIDVerification" time="2.048" classname="MavenFramework.Demo1"/>
  <testcase name="TestPOSTAPICall" time="0.234" classname="MavenFramework.Demo2JSON"/>
  <testcase name="createTweet" time="0.587" classname="MavenFramework.Demo7Twitter"/>
  <testcase name="findLatestTweet" time="0.644" classname="MavenFramework.Demo7Twitter"/>
  <testcase name="removeCreatedTweet" time="0.359" classname="MavenFramework.Demo7Twitter"/>
  <testcase name="TestAddandDeletePlace" time="0.409" classname="MavenFramework.Demo3CentralizingData"/>
  <testcase name="createSession" time="0.371" classname="MavenFramework.Demo5JIRAapi"/>
  <testcase name="TestPlaceIDVerification" time="0.551" classname="MavenFramework.Demo4"/>
</testsuite> <!-- Test -->
