<?xml version="1.0" encoding="UTF-8"?>
<testng-results skipped="0" failed="0" total="10" passed="10">
  <reporter-output>
  </reporter-output>
  <suite name="Suite" duration-ms="9190" started-at="2018-06-12T01:34:00Z" finished-at="2018-06-12T01:34:10Z">
    <groups>
    </groups>
    <test name="Test" duration-ms="9190" started-at="2018-06-12T01:34:00Z" finished-at="2018-06-12T01:34:10Z">
      <class name="MavenFramework.Demo1">
        <test-method status="PASS" signature="TestPlaceIDVerification()[pri:0, instance:MavenFramework.Demo1@61a485d2]" name="TestPlaceIDVerification" duration-ms="2048" started-at="2018-06-11T19:34:04Z" finished-at="2018-06-11T19:34:07Z">
          <reporter-output>
          </reporter-output>
        </test-method> <!-- TestPlaceIDVerification -->
      </class> <!-- MavenFramework.Demo1 -->
      <class name="MavenFramework.Demo2XML">
        <test-method status="PASS" signature="TestPOSTAPICall()[pri:0, instance:MavenFramework.Demo2XML@366e2eef]" name="TestPOSTAPICall" duration-ms="2735" started-at="2018-06-11T19:34:00Z" finished-at="2018-06-11T19:34:03Z">
          <reporter-output>
          </reporter-output>
        </test-method> <!-- TestPOSTAPICall -->
      </class> <!-- MavenFramework.Demo2XML -->
      <class name="MavenFramework.Demo4">
        <test-method status="PASS" signature="TestPlaceIDVerification()[pri:0, instance:MavenFramework.Demo4@69d9c55]" name="TestPlaceIDVerification" duration-ms="551" started-at="2018-06-11T19:34:09Z" finished-at="2018-06-11T19:34:10Z">
          <reporter-output>
          </reporter-output>
        </test-method> <!-- TestPlaceIDVerification -->
      </class> <!-- MavenFramework.Demo4 -->
      <class name="MavenFramework.Demo6JIRACommenting">
        <test-method status="PASS" signature="acreateSession()[pri:0, instance:MavenFramework.Demo6JIRACommenting@39fb3ab6]" name="acreateSession" duration-ms="1236" started-at="2018-06-11T19:34:03Z" finished-at="2018-06-11T19:34:04Z">
          <reporter-output>
          </reporter-output>
        </test-method> <!-- acreateSession -->
      </class> <!-- MavenFramework.Demo6JIRACommenting -->
      <class name="MavenFramework.Demo3CentralizingData">
        <test-method status="PASS" signature="getData()[pri:0, instance:MavenFramework.Demo3CentralizingData@6276ae34]" name="getData" is-config="true" duration-ms="16" started-at="2018-06-11T19:34:00Z" finished-at="2018-06-11T19:34:00Z">
          <reporter-output>
          </reporter-output>
        </test-method> <!-- getData -->
        <test-method status="PASS" signature="getData()[pri:0, instance:MavenFramework.Demo5JIRAapi@13c78c0b]" name="getData" is-config="true" duration-ms="0" started-at="2018-06-11T19:34:00Z" finished-at="2018-06-11T19:34:00Z">
          <reporter-output>
          </reporter-output>
        </test-method> <!-- getData -->
        <test-method status="PASS" signature="getData()[pri:0, instance:MavenFramework.Demo6JIRACommenting@39fb3ab6]" name="getData" is-config="true" duration-ms="0" started-at="2018-06-11T19:34:00Z" finished-at="2018-06-11T19:34:00Z">
          <reporter-output>
          </reporter-output>
        </test-method> <!-- getData -->
        <test-method status="PASS" signature="TestAddandDeletePlace()[pri:0, instance:MavenFramework.Demo3CentralizingData@6276ae34]" name="TestAddandDeletePlace" duration-ms="409" started-at="2018-06-11T19:34:08Z" finished-at="2018-06-11T19:34:09Z">
          <reporter-output>
          </reporter-output>
        </test-method> <!-- TestAddandDeletePlace -->
      </class> <!-- MavenFramework.Demo3CentralizingData -->
      <class name="MavenFramework.Demo2JSON">
        <test-method status="PASS" signature="TestPOSTAPICall()[pri:0, instance:MavenFramework.Demo2JSON@59e84876]" name="TestPOSTAPICall" duration-ms="234" started-at="2018-06-11T19:34:07Z" finished-at="2018-06-11T19:34:07Z">
          <reporter-output>
          </reporter-output>
        </test-method> <!-- TestPOSTAPICall -->
      </class> <!-- MavenFramework.Demo2JSON -->
      <class name="MavenFramework.Demo7Twitter">
        <test-method status="PASS" signature="createTweet()[pri:0, instance:MavenFramework.Demo7Twitter@337d0578]" name="createTweet" duration-ms="587" started-at="2018-06-11T19:34:07Z" finished-at="2018-06-11T19:34:07Z">
          <reporter-output>
          </reporter-output>
        </test-method> <!-- createTweet -->
        <test-method status="PASS" signature="findLatestTweet()[pri:0, instance:MavenFramework.Demo7Twitter@337d0578]" name="findLatestTweet" duration-ms="644" started-at="2018-06-11T19:34:07Z" finished-at="2018-06-11T19:34:08Z">
          <reporter-output>
          </reporter-output>
        </test-method> <!-- findLatestTweet -->
        <test-method status="PASS" signature="removeCreatedTweet()[pri:0, instance:MavenFramework.Demo7Twitter@337d0578]" name="removeCreatedTweet" duration-ms="359" started-at="2018-06-11T19:34:08Z" finished-at="2018-06-11T19:34:08Z">
          <reporter-output>
          </reporter-output>
        </test-method> <!-- removeCreatedTweet -->
      </class> <!-- MavenFramework.Demo7Twitter -->
      <class name="MavenFramework.Demo5JIRAapi">
        <test-method status="PASS" signature="createSession()[pri:0, instance:MavenFramework.Demo5JIRAapi@13c78c0b]" name="createSession" duration-ms="371" started-at="2018-06-11T19:34:09Z" finished-at="2018-06-11T19:34:09Z">
          <reporter-output>
          </reporter-output>
        </test-method> <!-- createSession -->
      </class> <!-- MavenFramework.Demo5JIRAapi -->
    </test> <!-- Test -->
  </suite> <!-- Suite -->
</testng-results>
