<?xml version="1.0" encoding="UTF-8"?>
<testsuite xmlns:xsi="http://www.w3.org/2001/XMLSchema-instance" xsi:noNamespaceSchemaLocation="https://maven.apache.org/surefire/maven-surefire-plugin/xsd/surefire-test-report.xsd" name="TestSuite" time="10.45" tests="10" errors="0" skipped="0" failures="0">
  <properties>
[...]
</properties>
  <testcase name="TestPOSTAPICall" classname="MavenFramework.Demo2XML" time="2.735"/>
  <testcase name="acreateSession" classname="MavenFramework.Demo6JIRACommenting" time="1.205"/>
  <testcase name="TestPlaceIDVerification" classname="MavenFramework.Demo1" time="2.048"/>
  <testcase name="TestPOSTAPICall" classname="MavenFramework.Demo2JSON" time="0.218"/>
  <testcase name="createTweet" classname="MavenFramework.Demo7Twitter" time="0.618"/>
  <testcase name="findLatestTweet" classname="MavenFramework.Demo7Twitter" time="0.613"/>
  <testcase name="removeCreatedTweet" classname="MavenFramework.Demo7Twitter" time="0.359"/>
  <testcase name="TestAddandDeletePlace" classname="MavenFramework.Demo3CentralizingData" time="0.409"/>
  <testcase name="createSession" classname="MavenFramework.Demo5JIRAapi" time="0.511"/>
  <testcase name="TestPlaceIDVerification" classname="MavenFramework.Demo4" time="1.109"/>
</testsuite>